<?xml version="1.0" encoding="UTF-8"?>
<!-- Generated by org.testng.reporters.JUnitReportReporter -->
<testsuite hostname="DESKTOP-A996OJH" failures="0" tests="1" name="com.purnadata.testcases.PurchaseTest" time="7.391" errors="0" timestamp="2022-07-16T17:22:36 IST" skipped="0">
  <testcase classname="com.purnadata.testcases.PurchaseTest" name="editPurchaseOrder" time="7.391"/>
  <system-out/>
</testsuite> <!-- com.purnadata.testcases.PurchaseTest -->
