<?xml version="1.0" encoding="UTF-8"?>
<!-- Generated by org.testng.reporters.JUnitReportReporter -->
<testsuite hostname="DESKTOP-A996OJH" failures="0" tests="2" name="com.purnadata.testcases.CustomerTest" time="18.858" errors="0" timestamp="2022-07-16T17:22:36 IST" skipped="0">
  <testcase classname="com.purnadata.testcases.CustomerTest" name="verifyCreateCustomerSuccessTest" time="8.727"/>
  <system-out/>
  <testcase classname="com.purnadata.testcases.CustomerTest" name="verifyCreateCustomerSuccessTest" time="10.131"/>
  <system-out/>
</testsuite> <!-- com.purnadata.testcases.CustomerTest -->
